
> @crhio/concrete@2.0.0-beta.0 build-storybook /Users/robiharid/Documents/code/concrete
> build-storybook "--output-dir" "/var/folders/d5/7l817hwx10j2vshfc70_1w9m0000gn/T/chromatic--34385-Zp4ubQfWNo3i"

info @storybook/vue3 v6.5.9
info 
info => Cleaning outputDir: /var/folders/d5/7l817hwx10j2vshfc70_1w9m0000gn/T/chromatic--34385-Zp4ubQfWNo3i
info => Loading presets
info Found existing addon {"name":"@storybook/addon-docs","options":{"vueDocgenOptions":{"alias":{"@":"/Users/robiharid/Documents/code/concrete"}}}}, skipping.
info => Compiling manager..
vite v2.9.8 building for production...
transforming...
Use of eval is strongly discouraged, as it poses security risks and may cause issues with minification
Use of eval is strongly discouraged, as it poses security risks and may cause issues with minification
Use of eval is strongly discouraged, as it poses security risks and may cause issues with minification
✓ 1511 modules transformed.
rendering chunks...
info => Manager built (17 s)
../../../../../var/folders/d5/7l817hwx10j2vshfc70_1w9m0000gn/T/chromatic--34385-Zp4ubQfWNo3i/assets/pointer-solid.52d3794a.svg                    0.47 KiB
../../../../../var/folders/d5/7l817hwx10j2vshfc70_1w9m0000gn/T/chromatic--34385-Zp4ubQfWNo3i/assets/compress.02a684c5.svg                         0.47 KiB
../../../../../var/folders/d5/7l817hwx10j2vshfc70_1w9m0000gn/T/chromatic--34385-Zp4ubQfWNo3i/assets/function.a087e4a6.svg                         0.64 KiB
../../../../../var/folders/d5/7l817hwx10j2vshfc70_1w9m0000gn/T/chromatic--34385-Zp4ubQfWNo3i/assets/redo.c13c5077.svg                             0.28 KiB
../../../../../var/folders/d5/7l817hwx10j2vshfc70_1w9m0000gn/T/chromatic--34385-Zp4ubQfWNo3i/assets/undo.53ebd228.svg                             0.29 KiB
../../../../../var/folders/d5/7l817hwx10j2vshfc70_1w9m0000gn/T/chromatic--34385-Zp4ubQfWNo3i/assets/pointer-outline.2805fb9a.svg                  0.98 KiB
../../../../../var/folders/d5/7l817hwx10j2vshfc70_1w9m0000gn/T/chromatic--34385-Zp4ubQfWNo3i/iframe.html                                          13.23 KiB
../../../../../var/folders/d5/7l817hwx10j2vshfc70_1w9m0000gn/T/chromatic--34385-Zp4ubQfWNo3i/assets/config.33592aa4.js                            0.22 KiB / gzip: 0.18 KiB
../../../../../var/folders/d5/7l817hwx10j2vshfc70_1w9m0000gn/T/chromatic--34385-Zp4ubQfWNo3i/assets/config.33592aa4.js.map                        0.42 KiB
../../../../../var/folders/d5/7l817hwx10j2vshfc70_1w9m0000gn/T/chromatic--34385-Zp4ubQfWNo3i/assets/decorateStory.68120d9a.js                     1.55 KiB / gzip: 0.79 KiB
../../../../../var/folders/d5/7l817hwx10j2vshfc70_1w9m0000gn/T/chromatic--34385-Zp4ubQfWNo3i/assets/decorateStory.68120d9a.js.map                 5.82 KiB
../../../../../var/folders/d5/7l817hwx10j2vshfc70_1w9m0000gn/T/chromatic--34385-Zp4ubQfWNo3i/assets/index.517ceeb3.js                             7.70 KiB / gzip: 3.16 KiB
../../../../../var/folders/d5/7l817hwx10j2vshfc70_1w9m0000gn/T/chromatic--34385-Zp4ubQfWNo3i/assets/index.517ceeb3.js.map                         17.91 KiB
../../../../../var/folders/d5/7l817hwx10j2vshfc70_1w9m0000gn/T/chromatic--34385-Zp4ubQfWNo3i/assets/index.6f46073a.js                             5.73 KiB / gzip: 2.22 KiB
../../../../../var/folders/d5/7l817hwx10j2vshfc70_1w9m0000gn/T/chromatic--34385-Zp4ubQfWNo3i/assets/index.6f46073a.js.map                         22.00 KiB
../../../../../var/folders/d5/7l817hwx10j2vshfc70_1w9m0000gn/T/chromatic--34385-Zp4ubQfWNo3i/assets/string.bf3fd91c.js                            0.16 KiB / gzip: 0.15 KiB
../../../../../var/folders/d5/7l817hwx10j2vshfc70_1w9m0000gn/T/chromatic--34385-Zp4ubQfWNo3i/assets/string.bf3fd91c.js.map                        0.59 KiB
../../../../../var/folders/d5/7l817hwx10j2vshfc70_1w9m0000gn/T/chromatic--34385-Zp4ubQfWNo3i/assets/preview.f4684d8a.js                           0.64 KiB / gzip: 0.40 KiB
../../../../../var/folders/d5/7l817hwx10j2vshfc70_1w9m0000gn/T/chromatic--34385-Zp4ubQfWNo3i/assets/preview.f4684d8a.js.map                       7.11 KiB
../../../../../var/folders/d5/7l817hwx10j2vshfc70_1w9m0000gn/T/chromatic--34385-Zp4ubQfWNo3i/assets/make-decorator.3769f4d4.js                    0.70 KiB / gzip: 0.40 KiB
../../../../../var/folders/d5/7l817hwx10j2vshfc70_1w9m0000gn/T/chromatic--34385-Zp4ubQfWNo3i/assets/make-decorator.3769f4d4.js.map                2.77 KiB
../../../../../var/folders/d5/7l817hwx10j2vshfc70_1w9m0000gn/T/chromatic--34385-Zp4ubQfWNo3i/assets/preview.3f1fc428.js                           4.17 KiB / gzip: 1.58 KiB
../../../../../var/folders/d5/7l817hwx10j2vshfc70_1w9m0000gn/T/chromatic--34385-Zp4ubQfWNo3i/assets/preview.3f1fc428.js.map                       15.63 KiB
../../../../../var/folders/d5/7l817hwx10j2vshfc70_1w9m0000gn/T/chromatic--34385-Zp4ubQfWNo3i/assets/preview.0153cf5d.js                           8.21 KiB / gzip: 2.80 KiB
../../../../../var/folders/d5/7l817hwx10j2vshfc70_1w9m0000gn/T/chromatic--34385-Zp4ubQfWNo3i/assets/preview.0153cf5d.js.map                       34.20 KiB
../../../../../var/folders/d5/7l817hwx10j2vshfc70_1w9m0000gn/T/chromatic--34385-Zp4ubQfWNo3i/assets/preview.91acfe7d.js                           9.08 KiB / gzip: 3.44 KiB
../../../../../var/folders/d5/7l817hwx10j2vshfc70_1w9m0000gn/T/chromatic--34385-Zp4ubQfWNo3i/assets/preview.91acfe7d.js.map                       38.32 KiB
../../../../../var/folders/d5/7l817hwx10j2vshfc70_1w9m0000gn/T/chromatic--34385-Zp4ubQfWNo3i/assets/preview.9da6da09.js                           7.74 KiB / gzip: 1.56 KiB
../../../../../var/folders/d5/7l817hwx10j2vshfc70_1w9m0000gn/T/chromatic--34385-Zp4ubQfWNo3i/assets/preview.9da6da09.js.map                       16.42 KiB
../../../../../var/folders/d5/7l817hwx10j2vshfc70_1w9m0000gn/T/chromatic--34385-Zp4ubQfWNo3i/assets/preview.65df53ba.js                           1.33 KiB / gzip: 0.49 KiB
../../../../../var/folders/d5/7l817hwx10j2vshfc70_1w9m0000gn/T/chromatic--34385-Zp4ubQfWNo3i/assets/preview.65df53ba.js.map                       3.71 KiB
../../../../../var/folders/d5/7l817hwx10j2vshfc70_1w9m0000gn/T/chromatic--34385-Zp4ubQfWNo3i/assets/Button.39c2d3a8.js                            2.70 KiB / gzip: 0.96 KiB
../../../../../var/folders/d5/7l817hwx10j2vshfc70_1w9m0000gn/T/chromatic--34385-Zp4ubQfWNo3i/assets/Button.39c2d3a8.js.map                        4.30 KiB
../../../../../var/folders/d5/7l817hwx10j2vshfc70_1w9m0000gn/T/chromatic--34385-Zp4ubQfWNo3i/assets/Switch.4b48822c.js                            3.30 KiB / gzip: 1.36 KiB
../../../../../var/folders/d5/7l817hwx10j2vshfc70_1w9m0000gn/T/chromatic--34385-Zp4ubQfWNo3i/assets/Switch.4b48822c.js.map                        4.25 KiB
../../../../../var/folders/d5/7l817hwx10j2vshfc70_1w9m0000gn/T/chromatic--34385-Zp4ubQfWNo3i/assets/preview.09147fb7.js                           11.09 KiB / gzip: 4.17 KiB
../../../../../var/folders/d5/7l817hwx10j2vshfc70_1w9m0000gn/T/chromatic--34385-Zp4ubQfWNo3i/assets/preview.09147fb7.js.map                       19.15 KiB
../../../../../var/folders/d5/7l817hwx10j2vshfc70_1w9m0000gn/T/chromatic--34385-Zp4ubQfWNo3i/assets/TextArea.c34a92c8.js                          3.35 KiB / gzip: 1.49 KiB
../../../../../var/folders/d5/7l817hwx10j2vshfc70_1w9m0000gn/T/chromatic--34385-Zp4ubQfWNo3i/assets/TextArea.c34a92c8.js.map                      3.70 KiB
../../../../../var/folders/d5/7l817hwx10j2vshfc70_1w9m0000gn/T/chromatic--34385-Zp4ubQfWNo3i/assets/TextInput.d93a80b8.js                         3.34 KiB / gzip: 1.48 KiB
../../../../../var/folders/d5/7l817hwx10j2vshfc70_1w9m0000gn/T/chromatic--34385-Zp4ubQfWNo3i/assets/TextInput.d93a80b8.js.map                     3.52 KiB
../../../../../var/folders/d5/7l817hwx10j2vshfc70_1w9m0000gn/T/chromatic--34385-Zp4ubQfWNo3i/assets/Checkbox.deb1fd2f.js                          2.01 KiB / gzip: 0.94 KiB
../../../../../var/folders/d5/7l817hwx10j2vshfc70_1w9m0000gn/T/chromatic--34385-Zp4ubQfWNo3i/assets/Checkbox.deb1fd2f.js.map                      2.39 KiB
../../../../../var/folders/d5/7l817hwx10j2vshfc70_1w9m0000gn/T/chromatic--34385-Zp4ubQfWNo3i/assets/NumericInput.45bef2a0.js                      11.52 KiB / gzip: 4.91 KiB
../../../../../var/folders/d5/7l817hwx10j2vshfc70_1w9m0000gn/T/chromatic--34385-Zp4ubQfWNo3i/assets/NumericInput.45bef2a0.js.map                  42.82 KiB
../../../../../var/folders/d5/7l817hwx10j2vshfc70_1w9m0000gn/T/chromatic--34385-Zp4ubQfWNo3i/assets/Listbox.c2397a18.js                           18.34 KiB / gzip: 6.54 KiB
../../../../../var/folders/d5/7l817hwx10j2vshfc70_1w9m0000gn/T/chromatic--34385-Zp4ubQfWNo3i/assets/Listbox.c2397a18.js.map                       38.51 KiB
../../../../../var/folders/d5/7l817hwx10j2vshfc70_1w9m0000gn/T/chromatic--34385-Zp4ubQfWNo3i/assets/Fragment.9c7fc870.js                          2.35 KiB / gzip: 1.03 KiB
../../../../../var/folders/d5/7l817hwx10j2vshfc70_1w9m0000gn/T/chromatic--34385-Zp4ubQfWNo3i/assets/Fragment.9c7fc870.js.map                      3.74 KiB
../../../../../var/folders/d5/7l817hwx10j2vshfc70_1w9m0000gn/T/chromatic--34385-Zp4ubQfWNo3i/assets/Modal.9a0695f5.js                             1.59 KiB / gzip: 0.80 KiB
../../../../../var/folders/d5/7l817hwx10j2vshfc70_1w9m0000gn/T/chromatic--34385-Zp4ubQfWNo3i/assets/Modal.9a0695f5.js.map                         1.89 KiB
../../../../../var/folders/d5/7l817hwx10j2vshfc70_1w9m0000gn/T/chromatic--34385-Zp4ubQfWNo3i/assets/Icon.bb6c50c3.js                              16.23 KiB / gzip: 2.83 KiB
../../../../../var/folders/d5/7l817hwx10j2vshfc70_1w9m0000gn/T/chromatic--34385-Zp4ubQfWNo3i/assets/Icon.bb6c50c3.js.map                          49.53 KiB
../../../../../var/folders/d5/7l817hwx10j2vshfc70_1w9m0000gn/T/chromatic--34385-Zp4ubQfWNo3i/assets/Toolbar.515077c2.js                           2.83 KiB / gzip: 1.06 KiB
../../../../../var/folders/d5/7l817hwx10j2vshfc70_1w9m0000gn/T/chromatic--34385-Zp4ubQfWNo3i/assets/Toolbar.515077c2.js.map                       2.75 KiB
../../../../../var/folders/d5/7l817hwx10j2vshfc70_1w9m0000gn/T/chromatic--34385-Zp4ubQfWNo3i/assets/StatusBar.5a54eedd.js                         2.47 KiB / gzip: 1.31 KiB
../../../../../var/folders/d5/7l817hwx10j2vshfc70_1w9m0000gn/T/chromatic--34385-Zp4ubQfWNo3i/assets/StatusBar.5a54eedd.js.map                     3.67 KiB
../../../../../var/folders/d5/7l817hwx10j2vshfc70_1w9m0000gn/T/chromatic--34385-Zp4ubQfWNo3i/assets/plugin-vue_export-helper.21dcd24c.js          0.09 KiB / gzip: 0.10 KiB
../../../../../var/folders/d5/7l817hwx10j2vshfc70_1w9m0000gn/T/chromatic--34385-Zp4ubQfWNo3i/assets/plugin-vue_export-helper.21dcd24c.js.map      0.47 KiB
../../../../../var/folders/d5/7l817hwx10j2vshfc70_1w9m0000gn/T/chromatic--34385-Zp4ubQfWNo3i/assets/events.1d4620a3.js                            0.25 KiB / gzip: 0.20 KiB
../../../../../var/folders/d5/7l817hwx10j2vshfc70_1w9m0000gn/T/chromatic--34385-Zp4ubQfWNo3i/assets/events.1d4620a3.js.map                        1.14 KiB
../../../../../var/folders/d5/7l817hwx10j2vshfc70_1w9m0000gn/T/chromatic--34385-Zp4ubQfWNo3i/assets/Accordion.a90236d8.js                         4.98 KiB / gzip: 2.20 KiB
../../../../../var/folders/d5/7l817hwx10j2vshfc70_1w9m0000gn/T/chromatic--34385-Zp4ubQfWNo3i/assets/Accordion.a90236d8.js.map                     9.81 KiB
../../../../../var/folders/d5/7l817hwx10j2vshfc70_1w9m0000gn/T/chromatic--34385-Zp4ubQfWNo3i/assets/CheckIcon.8175d8c1.js                         2.18 KiB / gzip: 1.17 KiB
../../../../../var/folders/d5/7l817hwx10j2vshfc70_1w9m0000gn/T/chromatic--34385-Zp4ubQfWNo3i/assets/CheckIcon.8175d8c1.js.map                     4.18 KiB
../../../../../var/folders/d5/7l817hwx10j2vshfc70_1w9m0000gn/T/chromatic--34385-Zp4ubQfWNo3i/assets/DraggablePoint.55d1276e.js                    2.12 KiB / gzip: 0.96 KiB
../../../../../var/folders/d5/7l817hwx10j2vshfc70_1w9m0000gn/T/chromatic--34385-Zp4ubQfWNo3i/assets/DraggablePoint.55d1276e.js.map                2.87 KiB
../../../../../var/folders/d5/7l817hwx10j2vshfc70_1w9m0000gn/T/chromatic--34385-Zp4ubQfWNo3i/assets/DraggablePath.c6dfd092.js                     3.64 KiB / gzip: 1.19 KiB
../../../../../var/folders/d5/7l817hwx10j2vshfc70_1w9m0000gn/T/chromatic--34385-Zp4ubQfWNo3i/assets/DraggablePath.c6dfd092.js.map                 4.77 KiB
../../../../../var/folders/d5/7l817hwx10j2vshfc70_1w9m0000gn/T/chromatic--34385-Zp4ubQfWNo3i/assets/props.9dc5e0e1.js                             0.46 KiB / gzip: 0.29 KiB
../../../../../var/folders/d5/7l817hwx10j2vshfc70_1w9m0000gn/T/chromatic--34385-Zp4ubQfWNo3i/assets/props.9dc5e0e1.js.map                         1.47 KiB
../../../../../var/folders/d5/7l817hwx10j2vshfc70_1w9m0000gn/T/chromatic--34385-Zp4ubQfWNo3i/assets/styles.c8888d16.js                            0.48 KiB / gzip: 0.26 KiB
../../../../../var/folders/d5/7l817hwx10j2vshfc70_1w9m0000gn/T/chromatic--34385-Zp4ubQfWNo3i/assets/styles.c8888d16.js.map                        1.10 KiB
../../../../../var/folders/d5/7l817hwx10j2vshfc70_1w9m0000gn/T/chromatic--34385-Zp4ubQfWNo3i/assets/switch.a92232f4.js                            4.10 KiB / gzip: 1.70 KiB
../../../../../var/folders/d5/7l817hwx10j2vshfc70_1w9m0000gn/T/chromatic--34385-Zp4ubQfWNo3i/assets/switch.a92232f4.js.map                        9.17 KiB
../../../../../var/folders/d5/7l817hwx10j2vshfc70_1w9m0000gn/T/chromatic--34385-Zp4ubQfWNo3i/assets/open-closed.4f0e5da1.js                       0.22 KiB / gzip: 0.19 KiB
../../../../../var/folders/d5/7l817hwx10j2vshfc70_1w9m0000gn/T/chromatic--34385-Zp4ubQfWNo3i/assets/open-closed.4f0e5da1.js.map                   0.72 KiB
../../../../../var/folders/d5/7l817hwx10j2vshfc70_1w9m0000gn/T/chromatic--34385-Zp4ubQfWNo3i/assets/Accordion.stories.e0c0b890.js                 3.86 KiB / gzip: 1.36 KiB
../../../../../var/folders/d5/7l817hwx10j2vshfc70_1w9m0000gn/T/chromatic--34385-Zp4ubQfWNo3i/assets/Accordion.stories.e0c0b890.js.map             0.16 KiB
../../../../../var/folders/d5/7l817hwx10j2vshfc70_1w9m0000gn/T/chromatic--34385-Zp4ubQfWNo3i/assets/use-resolve-button-type.291c470d.js           4.00 KiB / gzip: 1.90 KiB
../../../../../var/folders/d5/7l817hwx10j2vshfc70_1w9m0000gn/T/chromatic--34385-Zp4ubQfWNo3i/assets/use-resolve-button-type.291c470d.js.map       8.21 KiB
../../../../../var/folders/d5/7l817hwx10j2vshfc70_1w9m0000gn/T/chromatic--34385-Zp4ubQfWNo3i/assets/Button.stories.2d199801.js                    2.82 KiB / gzip: 1.15 KiB
../../../../../var/folders/d5/7l817hwx10j2vshfc70_1w9m0000gn/T/chromatic--34385-Zp4ubQfWNo3i/assets/Button.stories.2d199801.js.map                0.12 KiB
../../../../../var/folders/d5/7l817hwx10j2vshfc70_1w9m0000gn/T/chromatic--34385-Zp4ubQfWNo3i/assets/drag.ec8432dd.js                              17.48 KiB / gzip: 5.72 KiB
../../../../../var/folders/d5/7l817hwx10j2vshfc70_1w9m0000gn/T/chromatic--34385-Zp4ubQfWNo3i/assets/drag.ec8432dd.js.map                          68.99 KiB
../../../../../var/folders/d5/7l817hwx10j2vshfc70_1w9m0000gn/T/chromatic--34385-Zp4ubQfWNo3i/assets/Checkbox.stories.e4f99610.js                  2.52 KiB / gzip: 1.14 KiB
../../../../../var/folders/d5/7l817hwx10j2vshfc70_1w9m0000gn/T/chromatic--34385-Zp4ubQfWNo3i/assets/Checkbox.stories.e4f99610.js.map              0.12 KiB
../../../../../var/folders/d5/7l817hwx10j2vshfc70_1w9m0000gn/T/chromatic--34385-Zp4ubQfWNo3i/assets/DraggablePath.stories.347b263e.js             3.57 KiB / gzip: 1.43 KiB
../../../../../var/folders/d5/7l817hwx10j2vshfc70_1w9m0000gn/T/chromatic--34385-Zp4ubQfWNo3i/assets/DraggablePath.stories.347b263e.js.map         0.18 KiB
../../../../../var/folders/d5/7l817hwx10j2vshfc70_1w9m0000gn/T/chromatic--34385-Zp4ubQfWNo3i/assets/DraggablePoint.stories.9a0dbc0f.js            2.80 KiB / gzip: 1.21 KiB
../../../../../var/folders/d5/7l817hwx10j2vshfc70_1w9m0000gn/T/chromatic--34385-Zp4ubQfWNo3i/assets/DraggablePoint.stories.9a0dbc0f.js.map        0.15 KiB
../../../../../var/folders/d5/7l817hwx10j2vshfc70_1w9m0000gn/T/chromatic--34385-Zp4ubQfWNo3i/assets/Modal.stories.daeb45ae.js                     2.89 KiB / gzip: 1.23 KiB
../../../../../var/folders/d5/7l817hwx10j2vshfc70_1w9m0000gn/T/chromatic--34385-Zp4ubQfWNo3i/assets/Modal.stories.daeb45ae.js.map                 0.13 KiB
../../../../../var/folders/d5/7l817hwx10j2vshfc70_1w9m0000gn/T/chromatic--34385-Zp4ubQfWNo3i/assets/Icon.stories.0ec95edd.js                      3.63 KiB / gzip: 1.33 KiB
../../../../../var/folders/d5/7l817hwx10j2vshfc70_1w9m0000gn/T/chromatic--34385-Zp4ubQfWNo3i/assets/Icon.stories.0ec95edd.js.map                  0.14 KiB
../../../../../var/folders/d5/7l817hwx10j2vshfc70_1w9m0000gn/T/chromatic--34385-Zp4ubQfWNo3i/assets/NumericInput.stories.f88e4a7f.js              3.06 KiB / gzip: 1.23 KiB
../../../../../var/folders/d5/7l817hwx10j2vshfc70_1w9m0000gn/T/chromatic--34385-Zp4ubQfWNo3i/assets/NumericInput.stories.f88e4a7f.js.map          0.12 KiB
../../../../../var/folders/d5/7l817hwx10j2vshfc70_1w9m0000gn/T/chromatic--34385-Zp4ubQfWNo3i/assets/Listbox.stories.b88bf03a.js                   5.76 KiB / gzip: 1.66 KiB
../../../../../var/folders/d5/7l817hwx10j2vshfc70_1w9m0000gn/T/chromatic--34385-Zp4ubQfWNo3i/assets/Listbox.stories.b88bf03a.js.map               0.17 KiB
../../../../../var/folders/d5/7l817hwx10j2vshfc70_1w9m0000gn/T/chromatic--34385-Zp4ubQfWNo3i/assets/StatusBar.stories.17d5bef3.js                 4.48 KiB / gzip: 1.71 KiB
../../../../../var/folders/d5/7l817hwx10j2vshfc70_1w9m0000gn/T/chromatic--34385-Zp4ubQfWNo3i/assets/StatusBar.stories.17d5bef3.js.map             0.19 KiB
../../../../../var/folders/d5/7l817hwx10j2vshfc70_1w9m0000gn/T/chromatic--34385-Zp4ubQfWNo3i/assets/Switch.stories.082e0479.js                    2.90 KiB / gzip: 1.25 KiB
../../../../../var/folders/d5/7l817hwx10j2vshfc70_1w9m0000gn/T/chromatic--34385-Zp4ubQfWNo3i/assets/Switch.stories.082e0479.js.map                0.12 KiB
../../../../../var/folders/d5/7l817hwx10j2vshfc70_1w9m0000gn/T/chromatic--34385-Zp4ubQfWNo3i/assets/TextArea.stories.27d2d81c.js                  3.43 KiB / gzip: 1.30 KiB
../../../../../var/folders/d5/7l817hwx10j2vshfc70_1w9m0000gn/T/chromatic--34385-Zp4ubQfWNo3i/assets/TextArea.stories.27d2d81c.js.map              0.12 KiB
../../../../../var/folders/d5/7l817hwx10j2vshfc70_1w9m0000gn/T/chromatic--34385-Zp4ubQfWNo3i/assets/TextInput.stories.ee3be9b8.js                 3.43 KiB / gzip: 1.30 KiB
../../../../../var/folders/d5/7l817hwx10j2vshfc70_1w9m0000gn/T/chromatic--34385-Zp4ubQfWNo3i/assets/TextInput.stories.ee3be9b8.js.map             0.12 KiB
../../../../../var/folders/d5/7l817hwx10j2vshfc70_1w9m0000gn/T/chromatic--34385-Zp4ubQfWNo3i/assets/Toolbar.stories.14f13b6c.js                   4.06 KiB / gzip: 1.38 KiB
../../../../../var/folders/d5/7l817hwx10j2vshfc70_1w9m0000gn/T/chromatic--34385-Zp4ubQfWNo3i/assets/Toolbar.stories.14f13b6c.js.map               0.17 KiB
../../../../../var/folders/d5/7l817hwx10j2vshfc70_1w9m0000gn/T/chromatic--34385-Zp4ubQfWNo3i/assets/colors.stories.acf0183c.js                    7.26 KiB / gzip: 1.45 KiB
../../../../../var/folders/d5/7l817hwx10j2vshfc70_1w9m0000gn/T/chromatic--34385-Zp4ubQfWNo3i/assets/colors.stories.acf0183c.js.map                0.10 KiB
../../../../../var/folders/d5/7l817hwx10j2vshfc70_1w9m0000gn/T/chromatic--34385-Zp4ubQfWNo3i/assets/concrete.stories.c9d7e4b9.js                  5.74 KiB / gzip: 1.89 KiB
../../../../../var/folders/d5/7l817hwx10j2vshfc70_1w9m0000gn/T/chromatic--34385-Zp4ubQfWNo3i/assets/concrete.stories.c9d7e4b9.js.map              0.14 KiB
../../../../../var/folders/d5/7l817hwx10j2vshfc70_1w9m0000gn/T/chromatic--34385-Zp4ubQfWNo3i/assets/examples.stories.cccfc222.js                  4.42 KiB / gzip: 1.62 KiB
../../../../../var/folders/d5/7l817hwx10j2vshfc70_1w9m0000gn/T/chromatic--34385-Zp4ubQfWNo3i/assets/examples.stories.cccfc222.js.map              0.15 KiB
../../../../../var/folders/d5/7l817hwx10j2vshfc70_1w9m0000gn/T/chromatic--34385-Zp4ubQfWNo3i/assets/jit.stories.a83be4c4.js                       1.89 KiB / gzip: 0.86 KiB
../../../../../var/folders/d5/7l817hwx10j2vshfc70_1w9m0000gn/T/chromatic--34385-Zp4ubQfWNo3i/assets/jit.stories.a83be4c4.js.map                   0.10 KiB
../../../../../var/folders/d5/7l817hwx10j2vshfc70_1w9m0000gn/T/chromatic--34385-Zp4ubQfWNo3i/assets/renderDocs.774f5dc0.js                        2.44 KiB / gzip: 1.15 KiB
../../../../../var/folders/d5/7l817hwx10j2vshfc70_1w9m0000gn/T/chromatic--34385-Zp4ubQfWNo3i/assets/renderDocs.774f5dc0.js.map                    8.21 KiB
../../../../../var/folders/d5/7l817hwx10j2vshfc70_1w9m0000gn/T/chromatic--34385-Zp4ubQfWNo3i/assets/index.454e4479.js                             2.50 KiB / gzip: 1.18 KiB
../../../../../var/folders/d5/7l817hwx10j2vshfc70_1w9m0000gn/T/chromatic--34385-Zp4ubQfWNo3i/assets/index.454e4479.js.map                         5.86 KiB
../../../../../var/folders/d5/7l817hwx10j2vshfc70_1w9m0000gn/T/chromatic--34385-Zp4ubQfWNo3i/assets/GlobalScrollAreaStyles-8793ce4a.9e88aeff.js   10.10 KiB / gzip: 2.26 KiB
../../../../../var/folders/d5/7l817hwx10j2vshfc70_1w9m0000gn/T/chromatic--34385-Zp4ubQfWNo3i/assets/GlobalScrollAreaStyles-8793ce4a.9e88aeff.js.map 18.86 KiB
../../../../../var/folders/d5/7l817hwx10j2vshfc70_1w9m0000gn/T/chromatic--34385-Zp4ubQfWNo3i/assets/Modal.9b704654.css                            0.10 KiB / gzip: 0.10 KiB
../../../../../var/folders/d5/7l817hwx10j2vshfc70_1w9m0000gn/T/chromatic--34385-Zp4ubQfWNo3i/assets/WithTooltip-508b8277.56efab6d.js              37.64 KiB / gzip: 12.38 KiB
../../../../../var/folders/d5/7l817hwx10j2vshfc70_1w9m0000gn/T/chromatic--34385-Zp4ubQfWNo3i/assets/WithTooltip-508b8277.56efab6d.js.map          155.28 KiB
../../../../../var/folders/d5/7l817hwx10j2vshfc70_1w9m0000gn/T/chromatic--34385-Zp4ubQfWNo3i/assets/preview.970a644f.css                          38.59 KiB / gzip: 6.10 KiB
../../../../../var/folders/d5/7l817hwx10j2vshfc70_1w9m0000gn/T/chromatic--34385-Zp4ubQfWNo3i/assets/Color-3c22bb81.136574a3.js                    32.65 KiB / gzip: 12.10 KiB
../../../../../var/folders/d5/7l817hwx10j2vshfc70_1w9m0000gn/T/chromatic--34385-Zp4ubQfWNo3i/assets/Color-3c22bb81.136574a3.js.map                116.43 KiB
../../../../../var/folders/d5/7l817hwx10j2vshfc70_1w9m0000gn/T/chromatic--34385-Zp4ubQfWNo3i/assets/config.bc174efb.js                            72.70 KiB / gzip: 20.66 KiB
../../../../../var/folders/d5/7l817hwx10j2vshfc70_1w9m0000gn/T/chromatic--34385-Zp4ubQfWNo3i/assets/config.bc174efb.js.map                        241.76 KiB
../../../../../var/folders/d5/7l817hwx10j2vshfc70_1w9m0000gn/T/chromatic--34385-Zp4ubQfWNo3i/assets/syntaxhighlighter-82dea71a.c7cf040b.js        74.47 KiB / gzip: 26.96 KiB
../../../../../var/folders/d5/7l817hwx10j2vshfc70_1w9m0000gn/T/chromatic--34385-Zp4ubQfWNo3i/assets/syntaxhighlighter-82dea71a.c7cf040b.js.map    265.88 KiB
../../../../../var/folders/d5/7l817hwx10j2vshfc70_1w9m0000gn/T/chromatic--34385-Zp4ubQfWNo3i/assets/OverlayScrollbars-26c4a78d.e92f4d4f.js        57.71 KiB / gzip: 24.73 KiB
../../../../../var/folders/d5/7l817hwx10j2vshfc70_1w9m0000gn/T/chromatic--34385-Zp4ubQfWNo3i/assets/OverlayScrollbars-26c4a78d.e92f4d4f.js.map    380.93 KiB
../../../../../var/folders/d5/7l817hwx10j2vshfc70_1w9m0000gn/T/chromatic--34385-Zp4ubQfWNo3i/assets/parser-html.44e91f46.js                       142.40 KiB / gzip: 43.86 KiB
../../../../../var/folders/d5/7l817hwx10j2vshfc70_1w9m0000gn/T/chromatic--34385-Zp4ubQfWNo3i/assets/parser-html.44e91f46.js.map                   272.58 KiB
../../../../../var/folders/d5/7l817hwx10j2vshfc70_1w9m0000gn/T/chromatic--34385-Zp4ubQfWNo3i/assets/index.7829a508.js                             119.95 KiB / gzip: 37.64 KiB
../../../../../var/folders/d5/7l817hwx10j2vshfc70_1w9m0000gn/T/chromatic--34385-Zp4ubQfWNo3i/assets/index.7829a508.js.map                         264.84 KiB
../../../../../var/folders/d5/7l817hwx10j2vshfc70_1w9m0000gn/T/chromatic--34385-Zp4ubQfWNo3i/assets/vue.esm-bundler.cf4ba032.js                   134.33 KiB / gzip: 52.15 KiB
../../../../../var/folders/d5/7l817hwx10j2vshfc70_1w9m0000gn/T/chromatic--34385-Zp4ubQfWNo3i/assets/vue.esm-bundler.cf4ba032.js.map               862.86 KiB
../../../../../var/folders/d5/7l817hwx10j2vshfc70_1w9m0000gn/T/chromatic--34385-Zp4ubQfWNo3i/assets/iframe.37eacf2d.js                            331.74 KiB / gzip: 89.84 KiB
../../../../../var/folders/d5/7l817hwx10j2vshfc70_1w9m0000gn/T/chromatic--34385-Zp4ubQfWNo3i/assets/iframe.37eacf2d.js.map                        900.45 KiB
../../../../../var/folders/d5/7l817hwx10j2vshfc70_1w9m0000gn/T/chromatic--34385-Zp4ubQfWNo3i/assets/Props.02751012.js                             452.98 KiB / gzip: 134.17 KiB
../../../../../var/folders/d5/7l817hwx10j2vshfc70_1w9m0000gn/T/chromatic--34385-Zp4ubQfWNo3i/assets/Props.02751012.js.map                         1052.49 KiB
../../../../../var/folders/d5/7l817hwx10j2vshfc70_1w9m0000gn/T/chromatic--34385-Zp4ubQfWNo3i/assets/standalone.277f7caf.js                        521.45 KiB / gzip: 165.27 KiB
../../../../../var/folders/d5/7l817hwx10j2vshfc70_1w9m0000gn/T/chromatic--34385-Zp4ubQfWNo3i/assets/standalone.277f7caf.js.map                    1102.27 KiB
../../../../../var/folders/d5/7l817hwx10j2vshfc70_1w9m0000gn/T/chromatic--34385-Zp4ubQfWNo3i/assets/formatter-9dc562d4.a6ec753b.js                700.99 KiB / gzip: 219.19 KiB
../../../../../var/folders/d5/7l817hwx10j2vshfc70_1w9m0000gn/T/chromatic--34385-Zp4ubQfWNo3i/assets/formatter-9dc562d4.a6ec753b.js.map            1529.59 KiB

(!) Some chunks are larger than 500 KiB after minification. Consider:
- Using dynamic import() to code-split the application
- Use build.rollupOptions.output.manualChunks to improve chunking: https://rollupjs.org/guide/en/#outputmanualchunks
- Adjust chunk size limit for this warning via build.chunkSizeWarningLimit.
info => Output directory: /var/folders/d5/7l817hwx10j2vshfc70_1w9m0000gn/T/chromatic--34385-Zp4ubQfWNo3i
